<?xml version="1.0" encoding="UTF-8"?>
<!-- Generated by org.testng.reporters.JUnitReportReporter -->
<testsuite skipped="0" hostname="deepalis-MacBook-Pro.local" name="innvo.Innvo" tests="5" failures="0" timestamp="2023-05-22T23:22:52 IST" time="0.006" errors="0">
  <testcase name="testMethod1" time="0.003" classname="innvo.Innvo"/>
  <system-out/>
  <testcase name="testMethod1" time="0.001" classname="innvo.Innvo"/>
  <system-out/>
  <testcase name="testMethod1" time="0.001" classname="innvo.Innvo"/>
  <system-out/>
  <testcase name="testMethod1" time="0.001" classname="innvo.Innvo"/>
  <system-out/>
  <testcase name="testMethod1" time="0.000" classname="innvo.Innvo"/>
  <system-out/>
</testsuite> <!-- innvo.Innvo -->
