<?xml version="1.0" encoding="UTF-8"?>
<!-- Generated by org.testng.reporters.JUnitReportReporter -->
<testsuite skipped="0" hostname="deepalis-MacBook-Pro.local" name="testNGDemo.GroupsAttributes" tests="2" failures="0" timestamp="2023-08-20T12:15:20 IST" time="0.006" errors="0">
  <testcase name="wipro" time="0.001" classname="testNGDemo.GroupsAttributes"/>
  <system-out/>
  <testcase name="infosys" time="0.005" classname="testNGDemo.GroupsAttributes"/>
  <system-out/>
</testsuite> <!-- testNGDemo.GroupsAttributes -->
