<?xml version="1.0" encoding="UTF-8"?>
<!-- Generated by org.testng.reporters.JUnitReportReporter -->
<testsuite skipped="0" hostname="deepalis-MacBook-Pro.local" name="testNGDemo.TestNGXML" tests="2" failures="0" timestamp="2023-08-20T12:19:42 IST" time="0.004" errors="0">
  <testcase name="test2" time="0.003" classname="testNGDemo.TestNGXML"/>
  <system-out/>
  <testcase name="test1" time="0.001" classname="testNGDemo.TestNGXML"/>
  <system-out/>
</testsuite> <!-- testNGDemo.TestNGXML -->
