<?xml version="1.0" encoding="UTF-8"?>
<!-- Generated by org.testng.reporters.JUnitReportReporter -->
<testsuite skipped="0" hostname="deepalis-MacBook-Pro.local" name="edureka.GoogleSearch" tests="1" failures="0" timestamp="2023-05-01T14:08:49 IST" time="0.103" errors="0">
  <testcase name="googleSearch" time="0.103" classname="edureka.GoogleSearch"/>
  <system-out/>
</testsuite> <!-- edureka.GoogleSearch -->
