<?xml version="1.0" encoding="UTF-8"?>
<!-- Generated by org.testng.reporters.JUnitReportReporter -->
<testsuite skipped="0" hostname="deepalis-MacBook-Pro.local" name="testNGDemo.AnnotationAttributes" tests="3" failures="0" timestamp="2023-08-20T12:03:08 IST" time="0.003" errors="0">
  <testcase name="testCase3" time="0.000" classname="testNGDemo.AnnotationAttributes"/>
  <system-out/>
  <testcase name="testCase2" time="0.000" classname="testNGDemo.AnnotationAttributes"/>
  <system-out/>
  <testcase name="testCase1" time="0.003" classname="testNGDemo.AnnotationAttributes"/>
  <system-out/>
</testsuite> <!-- testNGDemo.AnnotationAttributes -->
